  eapch.cpp
  Application.cpp
E:\VisualProjects\EngineA\EngineA\src\EngineA\Application.h(18,27): warning C4251: 'EngineA::Application::m_Window': class 'std::unique_ptr<EngineA::Window,std::default_delete<EngineA::Window>>' needs to have dll-interface to be used by clients of class 'EngineA::Application'
E:\VisualProjects\EngineA\EngineA\src\EngineA\Application.h(18,8): message : see declaration of 'std::unique_ptr<EngineA::Window,std::default_delete<EngineA::Window>>'
E:\VisualProjects\EngineA\EngineA\src\EngineA\Log.h(18,42): warning C4251: 'EngineA::Log::s_CoreLogger': class 'std::shared_ptr<spdlog::logger>' needs to have dll-interface to be used by clients of class 'EngineA::Log'
E:\VisualProjects\EngineA\EngineA\Vendor\spdlog\include\spdlog\details\registry.h(34,31): message : see declaration of 'std::shared_ptr<spdlog::logger>'
E:\VisualProjects\EngineA\EngineA\src\EngineA\Log.h(19,42): warning C4251: 'EngineA::Log::s_ClientLogger': class 'std::shared_ptr<spdlog::logger>' needs to have dll-interface to be used by clients of class 'EngineA::Log'
E:\VisualProjects\EngineA\EngineA\Vendor\spdlog\include\spdlog\details\registry.h(34,31): message : see declaration of 'std::shared_ptr<spdlog::logger>'
  Log.cpp
E:\VisualProjects\EngineA\EngineA\src\EngineA\Log.h(18,42): warning C4251: 'EngineA::Log::s_CoreLogger': class 'std::shared_ptr<spdlog::logger>' needs to have dll-interface to be used by clients of class 'EngineA::Log'
E:\VisualProjects\EngineA\EngineA\Vendor\spdlog\include\spdlog\details\registry.h(34,31): message : see declaration of 'std::shared_ptr<spdlog::logger>'
E:\VisualProjects\EngineA\EngineA\src\EngineA\Log.h(19,42): warning C4251: 'EngineA::Log::s_ClientLogger': class 'std::shared_ptr<spdlog::logger>' needs to have dll-interface to be used by clients of class 'EngineA::Log'
E:\VisualProjects\EngineA\EngineA\Vendor\spdlog\include\spdlog\details\registry.h(34,31): message : see declaration of 'std::shared_ptr<spdlog::logger>'
  WindowsWindow.cpp
C:\Program Files (x86)\Windows Kits\10\Include\10.0.22000.0\shared\minwindef.h(130,1): warning C4005: 'APIENTRY': macro redefinition
E:\VisualProjects\EngineA\EngineA\Vendor\GLFW\include\GLFW\glfw3.h(123,1): message : see previous definition of 'APIENTRY'
E:\VisualProjects\EngineA\EngineA\src\EngineA\Log.h(18,42): warning C4251: 'EngineA::Log::s_CoreLogger': class 'std::shared_ptr<spdlog::logger>' needs to have dll-interface to be used by clients of class 'EngineA::Log'
E:\VisualProjects\EngineA\EngineA\Vendor\spdlog\include\spdlog\details\registry.h(34,31): message : see declaration of 'std::shared_ptr<spdlog::logger>'
E:\VisualProjects\EngineA\EngineA\src\EngineA\Log.h(19,42): warning C4251: 'EngineA::Log::s_ClientLogger': class 'std::shared_ptr<spdlog::logger>' needs to have dll-interface to be used by clients of class 'EngineA::Log'
E:\VisualProjects\EngineA\EngineA\Vendor\spdlog\include\spdlog\details\registry.h(34,31): message : see declaration of 'std::shared_ptr<spdlog::logger>'
  Generating Code...
     Creating library ..\bin\Debug-windows-x86_64\EngineA\EngineA.lib and object ..\bin\Debug-windows-x86_64\EngineA\EngineA.exp
LINK : warning LNK4098: defaultlib 'LIBCMT' conflicts with use of other libs; use /NODEFAULTLIB:library
GLFW.lib(win32_window.obj) : error LNK2019: unresolved external symbol DwmExtendFrameIntoClientArea referenced in function windowProc
..\bin\Debug-windows-x86_64\EngineA\EngineA.dll : fatal error LNK1120: 1 unresolved externals
